2021-09-25 16:45:18.675 [main][3736] DEBUG step_definitions.Hooks - Launch Chrome Browser
2021-09-25 16:45:22.383 [main][7444] DEBUG step_definitions.Hooks - Browser is successfully initiated with URL: https://www.bbc.com/
2021-09-25 16:45:22.383 [main][7444] DEBUG step_definitions.Hooks - ----------Test Starts----------
2021-09-25 16:45:24.084 [main][9145] DEBUG page_object.FollowOnFaceBook - User clicked on travel button
2021-09-25 16:45:24.217 [main][9278] DEBUG page_object.FollowOnFaceBook - User is on Travel Page
2021-09-25 16:45:24.383 [main][9444] DEBUG page_object.FollowOnFaceBook - User navigate to more options
2021-09-25 16:45:24.609 [main][9670] DEBUG page_object.FollowOnFaceBook - user navigate to follow by Face Book
2021-09-25 16:45:28.281 [main][13342] DEBUG page_object.FollowOnFaceBook - user is on Face book page
2021-09-25 16:45:29.145 [main][14206] DEBUG step_definitions.Hooks - Close Chrome Browser
2021-09-25 16:45:29.145 [main][14206] DEBUG step_definitions.Hooks - ----------Test Closed----------
2021-09-25 16:45:30.353 [main][15414] DEBUG step_definitions.Hooks - Launch Chrome Browser
2021-09-25 16:45:33.877 [main][18938] DEBUG step_definitions.Hooks - Browser is successfully initiated with URL: https://www.bbc.com/
2021-09-25 16:45:33.877 [main][18938] DEBUG step_definitions.Hooks - ----------Test Starts----------
2021-09-25 16:45:35.160 [main][20221] DEBUG page_object.BBCLogo - User is on News page
2021-09-25 16:45:35.212 [main][20273] DEBUG page_object.BBCLogo - User is verified in NEWS page
2021-09-25 16:45:36.197 [main][21258] DEBUG page_object.BBCLogo - User clicked on BBC Logo
2021-09-25 16:45:36.389 [main][21450] DEBUG page_object.BBCLogo - User return to home page from news page
2021-09-25 16:45:37.077 [main][22138] DEBUG step_definitions.Hooks - Close Chrome Browser
2021-09-25 16:45:37.077 [main][22138] DEBUG step_definitions.Hooks - ----------Test Closed----------
2021-09-25 16:45:38.305 [main][23366] DEBUG step_definitions.Hooks - Launch Chrome Browser
2021-09-25 16:45:44.905 [main][29966] DEBUG step_definitions.Hooks - Browser is successfully initiated with URL: https://www.bbc.com/
2021-09-25 16:45:44.905 [main][29966] DEBUG step_definitions.Hooks - ----------Test Starts----------
2021-09-25 16:45:46.238 [main][31299] DEBUG page_object.BBCLogo - User is on Sport page
2021-09-25 16:45:46.325 [main][31386] DEBUG page_object.BBCLogo - User is verified in SPORT page
2021-09-25 16:45:47.245 [main][32306] DEBUG page_object.BBCLogo - User clicked on BBC Logo
2021-09-25 16:45:47.418 [main][32479] DEBUG page_object.BBCLogo - User return to home page from sport page
2021-09-25 16:45:48.122 [main][33183] DEBUG step_definitions.Hooks - Close Chrome Browser
2021-09-25 16:45:48.122 [main][33183] DEBUG step_definitions.Hooks - ----------Test Closed----------
2021-09-25 16:45:49.335 [main][34396] DEBUG step_definitions.Hooks - Launch Chrome Browser
2021-09-25 16:45:53.264 [main][38325] DEBUG step_definitions.Hooks - Browser is successfully initiated with URL: https://www.bbc.com/
2021-09-25 16:45:53.264 [main][38325] DEBUG step_definitions.Hooks - ----------Test Starts----------
2021-09-25 16:45:54.908 [main][39969] DEBUG page_object.BBCLogo - User is on Travel page
2021-09-25 16:45:55.000 [main][40061] DEBUG page_object.BBCLogo - User is verified in TRAVEL page
2021-09-25 16:45:55.991 [main][41052] DEBUG page_object.BBCLogo - User clicked on BBC Logo
2021-09-25 16:45:56.160 [main][41221] DEBUG page_object.BBCLogo - User return to home page from travel page
2021-09-25 16:45:56.874 [main][41935] DEBUG step_definitions.Hooks - Close Chrome Browser
2021-09-25 16:45:56.874 [main][41935] DEBUG step_definitions.Hooks - ----------Test Closed----------
2021-09-25 16:45:58.085 [main][43146] DEBUG step_definitions.Hooks - Launch Chrome Browser
2021-09-25 16:46:01.831 [main][46892] DEBUG step_definitions.Hooks - Browser is successfully initiated with URL: https://www.bbc.com/
2021-09-25 16:46:01.831 [main][46892] DEBUG step_definitions.Hooks - ----------Test Starts----------
2021-09-25 16:46:03.187 [main][48248] DEBUG page_object.BBCLogo - User is on Future page
2021-09-25 16:46:03.264 [main][48325] DEBUG page_object.BBCLogo - User is verified in FUTURE page
2021-09-25 16:46:04.274 [main][49335] DEBUG page_object.BBCLogo - User clicked on BBC Logo
2021-09-25 16:46:04.434 [main][49495] DEBUG page_object.BBCLogo - User return to home page from future page
2021-09-25 16:46:05.141 [main][50202] DEBUG step_definitions.Hooks - Close Chrome Browser
2021-09-25 16:46:05.142 [main][50203] DEBUG step_definitions.Hooks - ----------Test Closed----------
2021-09-25 16:46:06.274 [main][51335] DEBUG step_definitions.Hooks - Launch Chrome Browser
2021-09-25 16:46:09.848 [main][54909] DEBUG step_definitions.Hooks - Browser is successfully initiated with URL: https://www.bbc.com/
2021-09-25 16:46:09.848 [main][54909] DEBUG step_definitions.Hooks - ----------Test Starts----------
2021-09-25 16:46:11.389 [main][56450] DEBUG page_object.Language - User clicked on Bangla in Language
2021-09-25 16:46:11.455 [main][56516] DEBUG page_object.Language - User successfully getting Bangla services
2021-09-25 16:46:12.263 [main][57324] DEBUG step_definitions.Hooks - Close Chrome Browser
2021-09-25 16:46:12.263 [main][57324] DEBUG step_definitions.Hooks - ----------Test Closed----------
2021-09-25 16:46:13.515 [main][58576] DEBUG step_definitions.Hooks - Launch Chrome Browser
2021-09-25 16:46:17.087 [main][62148] DEBUG step_definitions.Hooks - Browser is successfully initiated with URL: https://www.bbc.com/
2021-09-25 16:46:17.087 [main][62148] DEBUG step_definitions.Hooks - ----------Test Starts----------
2021-09-25 16:46:18.495 [main][63556] DEBUG page_object.Language - User clicked on Hindi in Language
2021-09-25 16:46:18.569 [main][63630] DEBUG page_object.Language - User successfully getting Hindi services
2021-09-25 16:46:19.303 [main][64364] DEBUG step_definitions.Hooks - Close Chrome Browser
2021-09-25 16:46:19.303 [main][64364] DEBUG step_definitions.Hooks - ----------Test Closed----------
2021-09-25 16:46:20.672 [main][65733] DEBUG step_definitions.Hooks - Launch Chrome Browser
2021-09-25 16:46:24.583 [main][69644] DEBUG step_definitions.Hooks - Browser is successfully initiated with URL: https://www.bbc.com/
2021-09-25 16:46:24.583 [main][69644] DEBUG step_definitions.Hooks - ----------Test Starts----------
2021-09-25 16:46:26.954 [main][72015] DEBUG page_object.OnAir - user clicked on On Air button
2021-09-25 16:46:48.060 [main][93121] DEBUG page_object.OnAir - User played on live voice
2021-09-25 16:46:48.150 [main][93211] DEBUG page_object.OnAir - User played On Live programme
2021-09-25 16:46:48.905 [main][93966] DEBUG step_definitions.Hooks - Close Chrome Browser
2021-09-25 16:46:48.905 [main][93966] DEBUG step_definitions.Hooks - ----------Test Closed----------
2021-09-25 16:46:50.171 [main][95232] DEBUG step_definitions.Hooks - Launch Chrome Browser
2021-09-25 16:46:53.736 [main][98797] DEBUG step_definitions.Hooks - Browser is successfully initiated with URL: https://www.bbc.com/
2021-09-25 16:46:53.736 [main][98797] DEBUG step_definitions.Hooks - ----------Test Starts----------
2021-09-25 16:46:53.986 [main][99047] DEBUG page_object.Search - User entered credentials for search is: education
2021-09-25 16:46:56.031 [main][101092] DEBUG page_object.Search - User clicked on search button successfully
2021-09-25 16:46:56.092 [main][101153] DEBUG page_object.Search - Text Result Successful
2021-09-25 16:46:56.824 [main][101885] DEBUG step_definitions.Hooks - Close Chrome Browser
2021-09-25 16:46:56.824 [main][101885] DEBUG step_definitions.Hooks - ----------Test Closed----------
2021-09-25 16:46:58.077 [main][103138] DEBUG step_definitions.Hooks - Launch Chrome Browser
2021-09-25 16:47:03.453 [main][108514] DEBUG step_definitions.Hooks - Browser is successfully initiated with URL: https://www.bbc.com/
2021-09-25 16:47:03.453 [main][108514] DEBUG step_definitions.Hooks - ----------Test Starts----------
2021-09-25 16:47:03.453 [main][108514] DEBUG page_object.SignIn - Click on the Sign in on Home Page
2021-09-25 16:47:05.997 [main][111058] INFO  page_object.SignIn - User entered credentials
2021-09-25 16:47:07.578 [main][112639] DEBUG page_object.SignIn - user clicked on Sign in button
2021-09-25 16:47:07.746 [main][112807] INFO  page_object.SignIn - User is in user home page
2021-09-25 16:47:08.505 [main][113566] DEBUG step_definitions.Hooks - Close Chrome Browser
2021-09-25 16:47:08.505 [main][113566] DEBUG step_definitions.Hooks - ----------Test Closed----------
2021-09-25 16:47:09.913 [main][114974] DEBUG step_definitions.Hooks - Launch Chrome Browser
2021-09-25 16:47:13.764 [main][118825] DEBUG step_definitions.Hooks - Browser is successfully initiated with URL: https://www.bbc.com/
2021-09-25 16:47:13.764 [main][118825] DEBUG step_definitions.Hooks - ----------Test Starts----------
2021-09-25 16:47:13.764 [main][118825] DEBUG page_object.SignIn - Click on the Sign in on Home Page
2021-09-25 16:47:16.026 [main][121087] INFO  page_object.SignIn - User entered credentials
2021-09-25 16:47:17.588 [main][122649] DEBUG page_object.SignIn - user clicked on Sign in button
2021-09-25 16:47:17.733 [main][122794] INFO  page_object.SignIn - User is in user home page
2021-09-25 16:47:18.504 [main][123565] DEBUG step_definitions.Hooks - Close Chrome Browser
2021-09-25 16:47:18.504 [main][123565] DEBUG step_definitions.Hooks - ----------Test Closed----------
2021-09-25 16:47:19.949 [main][125010] DEBUG step_definitions.Hooks - Launch Chrome Browser
2021-09-25 16:47:23.924 [main][128985] DEBUG step_definitions.Hooks - Browser is successfully initiated with URL: https://www.bbc.com/
2021-09-25 16:47:23.924 [main][128985] DEBUG step_definitions.Hooks - ----------Test Starts----------
2021-09-25 16:47:23.924 [main][128985] DEBUG page_object.SignIn - Click on the Sign in on Home Page
2021-09-25 16:47:26.124 [main][131185] INFO  page_object.SignIn - User entered credentials
2021-09-25 16:47:27.585 [main][132646] DEBUG page_object.SignIn - user clicked on Sign in button
2021-09-25 16:47:27.772 [main][132833] INFO  page_object.SignIn - User is in user home page
2021-09-25 16:47:28.552 [main][133613] DEBUG step_definitions.Hooks - Close Chrome Browser
2021-09-25 16:47:28.552 [main][133613] DEBUG step_definitions.Hooks - ----------Test Closed----------
2021-09-25 16:47:30.018 [main][135079] DEBUG step_definitions.Hooks - Launch Chrome Browser
2021-09-25 16:47:33.862 [main][138923] DEBUG step_definitions.Hooks - Browser is successfully initiated with URL: https://www.bbc.com/
2021-09-25 16:47:33.862 [main][138923] DEBUG step_definitions.Hooks - ----------Test Starts----------
2021-09-25 16:47:33.862 [main][138923] DEBUG page_object.SignIn - Click on the Sign in on Home Page
2021-09-25 16:47:36.245 [main][141306] INFO  page_object.SignIn - User entered credentials
2021-09-25 16:47:36.814 [main][141875] DEBUG page_object.SignIn - user clicked on Sign in button
2021-09-25 16:47:36.867 [main][141928] INFO  page_object.SignIn - User is still in the sign in page
2021-09-25 16:47:37.617 [main][142678] DEBUG step_definitions.Hooks - Close Chrome Browser
2021-09-25 16:47:37.617 [main][142678] DEBUG step_definitions.Hooks - ----------Test Closed----------
2021-09-25 16:47:39.083 [main][144144] DEBUG step_definitions.Hooks - Launch Chrome Browser
2021-09-25 16:47:42.876 [main][147937] DEBUG step_definitions.Hooks - Browser is successfully initiated with URL: https://www.bbc.com/
2021-09-25 16:47:42.876 [main][147937] DEBUG step_definitions.Hooks - ----------Test Starts----------
2021-09-25 16:47:42.876 [main][147937] DEBUG page_object.SignIn - Click on the Sign in on Home Page
2021-09-25 16:47:45.368 [main][150429] INFO  page_object.SignIn - User entered credentials
2021-09-25 16:47:45.976 [main][151037] DEBUG page_object.SignIn - user clicked on Sign in button
2021-09-25 16:47:46.050 [main][151111] INFO  page_object.SignIn - User is still in the sign in page
2021-09-25 16:47:46.801 [main][151862] DEBUG step_definitions.Hooks - Close Chrome Browser
2021-09-25 16:47:46.801 [main][151862] DEBUG step_definitions.Hooks - ----------Test Closed----------
2021-09-25 16:47:48.239 [main][153300] DEBUG step_definitions.Hooks - Launch Chrome Browser
2021-09-25 16:47:52.144 [main][157205] DEBUG step_definitions.Hooks - Browser is successfully initiated with URL: https://www.bbc.com/
2021-09-25 16:47:52.144 [main][157205] DEBUG step_definitions.Hooks - ----------Test Starts----------
2021-09-25 16:47:52.144 [main][157205] DEBUG page_object.SignIn - Click on the Sign in on Home Page
2021-09-25 16:47:54.158 [main][159219] DEBUG page_object.SignIn - User entered Email Id is: mirmrhaman@gmail.com
2021-09-25 16:47:54.428 [main][159489] DEBUG page_object.SignIn - User entered Password is: m12345678
2021-09-25 16:47:56.222 [main][161283] INFO  page_object.SignIn - user has clicked on sign in button
2021-09-25 16:47:56.303 [main][161364] INFO  page_object.SignIn - User is in user home page
2021-09-25 16:47:57.064 [main][162125] DEBUG step_definitions.Hooks - Close Chrome Browser
2021-09-25 16:47:57.064 [main][162125] DEBUG step_definitions.Hooks - ----------Test Closed----------
2021-09-25 16:47:58.661 [main][163722] DEBUG step_definitions.Hooks - Launch Chrome Browser
2021-09-25 16:48:02.611 [main][167672] DEBUG step_definitions.Hooks - Browser is successfully initiated with URL: https://www.bbc.com/
2021-09-25 16:48:02.611 [main][167672] DEBUG step_definitions.Hooks - ----------Test Starts----------
2021-09-25 16:48:02.611 [main][167672] DEBUG page_object.SignIn - Click on the Sign in on Home Page
2021-09-25 16:48:05.043 [main][170104] INFO  page_object.SignIn - User entered credentials
2021-09-25 16:48:06.560 [main][171621] DEBUG page_object.SignIn - user clicked on Sign in button
2021-09-25 16:48:06.751 [main][171812] DEBUG page_object.SignOut - User is in user home page
2021-09-25 16:48:06.895 [main][171956] DEBUG page_object.SignOut - User is entering in profile page
2021-09-25 16:48:07.965 [main][173026] DEBUG page_object.SignOut - User is in sign out page
2021-09-25 16:48:09.766 [main][174827] DEBUG page_object.SignOut - User click on Sign out button
2021-09-25 16:48:09.839 [main][174900] DEBUG page_object.SignOut - User is in home page
2021-09-25 16:48:10.636 [main][175697] DEBUG step_definitions.Hooks - Close Chrome Browser
2021-09-25 16:48:10.636 [main][175697] DEBUG step_definitions.Hooks - ----------Test Closed----------
2021-09-25 16:48:12.074 [main][177135] DEBUG step_definitions.Hooks - Launch Chrome Browser
2021-09-25 16:48:15.926 [main][180987] DEBUG step_definitions.Hooks - Browser is successfully initiated with URL: https://www.bbc.com/
2021-09-25 16:48:15.926 [main][180987] DEBUG step_definitions.Hooks - ----------Test Starts----------
2021-09-25 16:48:17.865 [main][182926] DEBUG page_object.Sound - user clicked on sound button on home page
2021-09-25 16:48:17.915 [main][182976] DEBUG page_object.Sound - User is on sounds page
2021-09-25 16:48:38.025 [main][203086] DEBUG page_object.Sound - User played Radio Relax 1 and wait to listen for a moment
2021-09-25 16:48:38.110 [main][203171] DEBUG page_object.Sound - User played Radio Relax 1 successfully
2021-09-25 16:48:38.933 [main][203994] DEBUG step_definitions.Hooks - Close Chrome Browser
2021-09-25 16:48:38.933 [main][203994] DEBUG step_definitions.Hooks - ----------Test Closed----------
2021-09-25 16:48:40.410 [main][205471] DEBUG step_definitions.Hooks - Launch Chrome Browser
2021-09-25 16:48:44.312 [main][209373] DEBUG step_definitions.Hooks - Browser is successfully initiated with URL: https://www.bbc.com/
2021-09-25 16:48:44.312 [main][209373] DEBUG step_definitions.Hooks - ----------Test Starts----------
2021-09-25 16:48:44.415 [main][209476] DEBUG page_object.TV - User clicked on featured video on home page
2021-09-25 16:49:34.575 [main][259636] DEBUG page_object.TV - User played a feature video and wait for a moment
2021-09-25 16:49:34.676 [main][259737] DEBUG page_object.TV - User played feature video
2021-09-25 16:49:35.552 [main][260613] DEBUG step_definitions.Hooks - Close Chrome Browser
2021-09-25 16:49:35.552 [main][260613] DEBUG step_definitions.Hooks - ----------Test Closed----------
2021-09-25 16:49:37.009 [main][262070] DEBUG step_definitions.Hooks - Launch Chrome Browser
2021-09-25 16:49:41.206 [main][266267] DEBUG step_definitions.Hooks - Browser is successfully initiated with URL: https://www.bbc.com/
2021-09-25 16:49:41.206 [main][266267] DEBUG step_definitions.Hooks - ----------Test Starts----------
2021-09-25 16:49:41.378 [main][266439] DEBUG page_object.Weather - user clicked on edit button in weather
2021-09-25 16:49:41.914 [main][266975] DEBUG page_object.Weather - User entered name of city is: New York
2021-09-25 16:49:42.081 [main][267142] DEBUG page_object.Weather - user clicked on search to implicit
2021-09-25 16:49:42.570 [main][267631] DEBUG page_object.Weather - Search result show successfully
2021-09-25 16:49:42.706 [main][267767] DEBUG page_object.Weather - user select New York location
2021-09-25 16:49:45.816 [main][270877] DEBUG page_object.Weather - User can see New York weather
2021-09-25 16:49:46.607 [main][271668] DEBUG step_definitions.Hooks - Close Chrome Browser
2021-09-25 16:49:46.607 [main][271668] DEBUG step_definitions.Hooks - ----------Test Closed----------
