2021-09-24 20:44:41.961 [main][4945] INFO  step_definitions.Hooks - Launch Chrome Browser
2021-09-24 20:44:45.537 [main][8521] INFO  step_definitions.Hooks - Browser is successfully initiated with URL: https://www.bbc.com/
2021-09-24 20:44:47.009 [main][9993] INFO  page_object.FollowOnFaceBook - User clicked on travel button
2021-09-24 20:44:47.133 [main][10117] INFO  page_object.FollowOnFaceBook - User is on Travel Page
2021-09-24 20:44:47.320 [main][10304] INFO  page_object.FollowOnFaceBook - User navigate to more options
2021-09-24 20:44:47.511 [main][10495] INFO  page_object.FollowOnFaceBook - user navigate to follow by Face Book
2021-09-24 20:44:50.478 [main][13462] INFO  step_definitions.FollowOnFaceBookSteps - user is on Face book page
2021-09-24 20:44:51.350 [main][14334] INFO  step_definitions.Hooks - Close Chrome Browser
2021-09-24 20:44:52.564 [main][15548] INFO  step_definitions.Hooks - Launch Chrome Browser
2021-09-24 20:44:56.185 [main][19169] INFO  step_definitions.Hooks - Browser is successfully initiated with URL: https://www.bbc.com/
2021-09-24 20:44:57.049 [main][20033] INFO  page_object.BBCLogo - User is on News page
2021-09-24 20:44:57.126 [main][20110] INFO  page_object.BBCLogo - User is verified in NEWS page
2021-09-24 20:44:58.201 [main][21185] INFO  page_object.BBCLogo - User clicked on BBC Logo
2021-09-24 20:44:58.265 [main][21249] INFO  page_object.BBCLogo - User return to home page from news page
2021-09-24 20:44:58.966 [main][21950] INFO  step_definitions.Hooks - Close Chrome Browser
2021-09-24 20:45:00.174 [main][23158] INFO  step_definitions.Hooks - Launch Chrome Browser
2021-09-24 20:45:03.571 [main][26555] INFO  step_definitions.Hooks - Browser is successfully initiated with URL: https://www.bbc.com/
2021-09-24 20:45:05.068 [main][28052] INFO  page_object.BBCLogo - User is on Sport page
2021-09-24 20:45:05.160 [main][28144] INFO  page_object.BBCLogo - User is verified in SPORT page
2021-09-24 20:45:06.295 [main][29279] INFO  page_object.BBCLogo - User clicked on BBC Logo
2021-09-24 20:45:06.360 [main][29344] INFO  page_object.BBCLogo - User return to home page from sport page
2021-09-24 20:45:07.077 [main][30061] INFO  step_definitions.Hooks - Close Chrome Browser
2021-09-24 20:45:08.277 [main][31261] INFO  step_definitions.Hooks - Launch Chrome Browser
2021-09-24 20:45:11.695 [main][34679] INFO  step_definitions.Hooks - Browser is successfully initiated with URL: https://www.bbc.com/
2021-09-24 20:45:13.468 [main][36452] INFO  page_object.BBCLogo - User is on Travel page
2021-09-24 20:45:13.538 [main][36522] INFO  page_object.BBCLogo - User is verified in TRAVEL page
2021-09-24 20:45:14.673 [main][37657] INFO  page_object.BBCLogo - User clicked on BBC Logo
2021-09-24 20:45:14.832 [main][37816] INFO  page_object.BBCLogo - User return to home page from travel page
2021-09-24 20:45:15.546 [main][38530] INFO  step_definitions.Hooks - Close Chrome Browser
2021-09-24 20:45:16.787 [main][39771] INFO  step_definitions.Hooks - Launch Chrome Browser
2021-09-24 20:45:20.174 [main][43158] INFO  step_definitions.Hooks - Browser is successfully initiated with URL: https://www.bbc.com/
2021-09-24 20:45:21.536 [main][44520] INFO  page_object.BBCLogo - User is on Future page
2021-09-24 20:45:21.628 [main][44612] INFO  page_object.BBCLogo - User is verified in FUTURE page
2021-09-24 20:45:22.597 [main][45581] INFO  page_object.BBCLogo - User clicked on BBC Logo
2021-09-24 20:45:22.692 [main][45676] INFO  page_object.BBCLogo - User return to home page from future page
2021-09-24 20:45:23.429 [main][46413] INFO  step_definitions.Hooks - Close Chrome Browser
2021-09-24 20:45:24.765 [main][47749] INFO  step_definitions.Hooks - Launch Chrome Browser
2021-09-24 20:45:28.451 [main][51435] INFO  step_definitions.Hooks - Browser is successfully initiated with URL: https://www.bbc.com/
2021-09-24 20:45:29.872 [main][52856] INFO  page_object.Language - User clicked on Bangla in Language
2021-09-24 20:45:29.937 [main][52921] INFO  page_object.Language - User successfully getting Bangla services
2021-09-24 20:45:30.702 [main][53686] INFO  step_definitions.Hooks - Close Chrome Browser
2021-09-24 20:45:31.877 [main][54861] INFO  step_definitions.Hooks - Launch Chrome Browser
2021-09-24 20:45:35.339 [main][58323] INFO  step_definitions.Hooks - Browser is successfully initiated with URL: https://www.bbc.com/
2021-09-24 20:45:36.871 [main][59855] INFO  page_object.Language - User clicked on Hindi in Language
2021-09-24 20:45:36.940 [main][59924] INFO  page_object.Language - User successfully getting Hindi services
2021-09-24 20:45:37.719 [main][60703] INFO  step_definitions.Hooks - Close Chrome Browser
2021-09-24 20:45:38.966 [main][61950] INFO  step_definitions.Hooks - Launch Chrome Browser
2021-09-24 20:45:42.325 [main][65309] INFO  step_definitions.Hooks - Browser is successfully initiated with URL: https://www.bbc.com/
2021-09-24 20:45:44.351 [main][67335] INFO  page_object.OnAir - user clicked on On Air button
2021-09-24 20:46:05.382 [main][88366] INFO  page_object.OnAir - User played on live voice
2021-09-24 20:46:05.457 [main][88441] INFO  page_object.OnAir - User played On Live programme
2021-09-24 20:46:06.186 [main][89170] INFO  step_definitions.Hooks - Close Chrome Browser
2021-09-24 20:46:07.401 [main][90385] INFO  step_definitions.Hooks - Launch Chrome Browser
2021-09-24 20:46:11.023 [main][94007] INFO  step_definitions.Hooks - Browser is successfully initiated with URL: https://www.bbc.com/
2021-09-24 20:46:11.302 [main][94286] INFO  page_object.Search - User entered credentials for search is: education
2021-09-24 20:46:13.591 [main][96575] INFO  page_object.Search - User clicked on search button successfully
2021-09-24 20:46:13.648 [main][96632] INFO  page_object.Search - Text Result Successful
2021-09-24 20:46:14.381 [main][97365] INFO  step_definitions.Hooks - Close Chrome Browser
2021-09-24 20:46:15.653 [main][98637] INFO  step_definitions.Hooks - Launch Chrome Browser
2021-09-24 20:46:19.171 [main][102155] INFO  step_definitions.Hooks - Browser is successfully initiated with URL: https://www.bbc.com/
2021-09-24 20:46:19.179 [main][102163] DEBUG page_object.SignIn - Click on the Sign in on Home Page
2021-09-24 20:46:21.535 [main][104519] INFO  page_object.SignIn - User entered credentials
2021-09-24 20:46:22.921 [main][105905] DEBUG page_object.SignIn - user clicked on Sign in button
2021-09-24 20:46:23.042 [main][106026] INFO  page_object.SignIn - User is in user home page
2021-09-24 20:46:23.735 [main][106719] INFO  step_definitions.Hooks - Close Chrome Browser
2021-09-24 20:46:24.854 [main][107838] INFO  step_definitions.Hooks - Launch Chrome Browser
2021-09-24 20:46:28.371 [main][111355] INFO  step_definitions.Hooks - Browser is successfully initiated with URL: https://www.bbc.com/
2021-09-24 20:46:28.379 [main][111363] DEBUG page_object.SignIn - Click on the Sign in on Home Page
2021-09-24 20:46:30.623 [main][113607] INFO  page_object.SignIn - User entered credentials
2021-09-24 20:46:32.303 [main][115287] DEBUG page_object.SignIn - user clicked on Sign in button
2021-09-24 20:46:32.361 [main][115345] INFO  page_object.SignIn - User is in user home page
2021-09-24 20:46:33.089 [main][116073] INFO  step_definitions.Hooks - Close Chrome Browser
2021-09-24 20:46:34.272 [main][117256] INFO  step_definitions.Hooks - Launch Chrome Browser
2021-09-24 20:46:37.110 [main][120094] INFO  step_definitions.Hooks - Browser is successfully initiated with URL: https://www.bbc.com/
2021-09-24 20:46:37.110 [main][120094] DEBUG page_object.SignIn - Click on the Sign in on Home Page
2021-09-24 20:46:39.304 [main][122288] INFO  page_object.SignIn - User entered credentials
2021-09-24 20:46:40.970 [main][123954] DEBUG page_object.SignIn - user clicked on Sign in button
2021-09-24 20:46:41.062 [main][124046] INFO  page_object.SignIn - User is in user home page
2021-09-24 20:46:41.813 [main][124797] INFO  step_definitions.Hooks - Close Chrome Browser
2021-09-24 20:46:43.010 [main][125994] INFO  step_definitions.Hooks - Launch Chrome Browser
2021-09-24 20:46:46.629 [main][129613] INFO  step_definitions.Hooks - Browser is successfully initiated with URL: https://www.bbc.com/
2021-09-24 20:46:46.637 [main][129621] DEBUG page_object.SignIn - Click on the Sign in on Home Page
2021-09-24 20:46:49.234 [main][132218] INFO  page_object.SignIn - User entered credentials
2021-09-24 20:46:49.869 [main][132853] DEBUG page_object.SignIn - user clicked on Sign in button
2021-09-24 20:46:49.950 [main][132934] INFO  page_object.SignIn - User is still in the sign in page
2021-09-24 20:46:50.680 [main][133664] INFO  step_definitions.Hooks - Close Chrome Browser
2021-09-24 20:46:51.955 [main][134939] INFO  step_definitions.Hooks - Launch Chrome Browser
2021-09-24 20:46:55.435 [main][138419] INFO  step_definitions.Hooks - Browser is successfully initiated with URL: https://www.bbc.com/
2021-09-24 20:46:55.443 [main][138427] DEBUG page_object.SignIn - Click on the Sign in on Home Page
2021-09-24 20:46:57.919 [main][140903] INFO  page_object.SignIn - User entered credentials
2021-09-24 20:46:58.527 [main][141511] DEBUG page_object.SignIn - user clicked on Sign in button
2021-09-24 20:46:58.604 [main][141588] INFO  page_object.SignIn - User is still in the sign in page
2021-09-24 20:46:59.335 [main][142319] INFO  step_definitions.Hooks - Close Chrome Browser
2021-09-24 20:47:00.686 [main][143670] INFO  step_definitions.Hooks - Launch Chrome Browser
2021-09-24 20:47:04.332 [main][147316] INFO  step_definitions.Hooks - Browser is successfully initiated with URL: https://www.bbc.com/
2021-09-24 20:47:04.332 [main][147316] DEBUG page_object.SignIn - Click on the Sign in on Home Page
2021-09-24 20:47:06.329 [main][149313] DEBUG page_object.SignIn - User entered Email Id is: mirmrhaman@gmail.com
2021-09-24 20:47:06.598 [main][149582] DEBUG page_object.SignIn - User entered Password is: m12345678
2021-09-24 20:47:08.281 [main][151265] INFO  page_object.SignIn - user has clicked on sign in button
2021-09-24 20:47:08.367 [main][151351] INFO  page_object.SignIn - User is in user home page
2021-09-24 20:47:09.131 [main][152115] INFO  step_definitions.Hooks - Close Chrome Browser
2021-09-24 20:47:10.393 [main][153377] INFO  step_definitions.Hooks - Launch Chrome Browser
2021-09-24 20:47:13.844 [main][156828] INFO  step_definitions.Hooks - Browser is successfully initiated with URL: https://www.bbc.com/
2021-09-24 20:47:13.844 [main][156828] DEBUG page_object.SignIn - Click on the Sign in on Home Page
2021-09-24 20:47:16.080 [main][159064] INFO  page_object.SignIn - User entered credentials
2021-09-24 20:47:18.010 [main][160994] DEBUG page_object.SignIn - user clicked on Sign in button
2021-09-24 20:47:18.087 [main][161071] INFO  page_object.SignOut - User is in user home page
2021-09-24 20:47:18.201 [main][161185] INFO  page_object.SignOut - User is entering in profile page
2021-09-24 20:47:19.086 [main][162070] INFO  page_object.SignOut - User is in sign out page
2021-09-24 20:47:20.687 [main][163671] INFO  page_object.SignOut - User click on Sign out button
2021-09-24 20:47:20.754 [main][163738] INFO  page_object.SignOut - User is in home page
2021-09-24 20:47:21.557 [main][164541] INFO  step_definitions.Hooks - Close Chrome Browser
2021-09-24 20:47:22.808 [main][165792] INFO  step_definitions.Hooks - Launch Chrome Browser
2021-09-24 20:47:26.061 [main][169045] INFO  step_definitions.Hooks - Browser is successfully initiated with URL: https://www.bbc.com/
2021-09-24 20:47:28.240 [main][171224] INFO  page_object.Sound - user clicked on sound button on home page
2021-09-24 20:47:28.288 [main][171272] INFO  page_object.Sound - User is on sounds page
2021-09-24 20:47:48.431 [main][191415] INFO  page_object.Sound - User played Radio Relax 1 and wait to listen for a moment
2021-09-24 20:47:48.516 [main][191500] INFO  page_object.Sound - User played Radio Relax 1 successfully
2021-09-24 20:47:49.344 [main][192328] INFO  step_definitions.Hooks - Close Chrome Browser
2021-09-24 20:47:50.567 [main][193551] INFO  step_definitions.Hooks - Launch Chrome Browser
2021-09-24 20:47:54.367 [main][197351] INFO  step_definitions.Hooks - Browser is successfully initiated with URL: https://www.bbc.com/
2021-09-24 20:47:54.524 [main][197508] INFO  page_object.TV - User clicked on featured video on home page
2021-09-24 20:48:44.711 [main][247695] INFO  page_object.TV - User played a feature video and wait for a moment
2021-09-24 20:48:44.861 [main][247845] INFO  page_object.TV - User played feature video
2021-09-24 20:48:45.671 [main][248655] INFO  step_definitions.Hooks - Close Chrome Browser
2021-09-24 20:48:46.958 [main][249942] INFO  step_definitions.Hooks - Launch Chrome Browser
2021-09-24 20:48:50.757 [main][253741] INFO  step_definitions.Hooks - Browser is successfully initiated with URL: https://www.bbc.com/
2021-09-24 20:48:50.874 [main][253858] INFO  page_object.Weather - user clicked on edit button in weather
2021-09-24 20:48:51.247 [main][254231] INFO  page_object.Weather - User entered name of city is: New York
2021-09-24 20:48:51.470 [main][254454] INFO  page_object.Weather - user clicked on search to implicit
2021-09-24 20:48:52.178 [main][255162] INFO  page_object.Weather - Search result show successfully
2021-09-24 20:48:52.337 [main][255321] INFO  page_object.Weather - user select New York location
2021-09-24 20:48:55.469 [main][258453] INFO  page_object.Weather - User can see New York weather
2021-09-24 20:48:56.399 [main][259383] INFO  step_definitions.Hooks - Close Chrome Browser
