2021-09-23 20:18:43.218 [main][4805] INFO  step_definitions.Hooks - Launch Chrome Browser
2021-09-23 20:18:45.434 [main][7021] INFO  step_definitions.Hooks - User is on home page
2021-09-23 20:18:47.865 [main][9452] INFO  page_object.FollowFaceBook - User clicked on travel button
2021-09-23 20:18:47.977 [main][9564] INFO  page_object.FollowFaceBook - User is on Travel Page
2021-09-23 20:18:48.134 [main][9721] INFO  page_object.FollowFaceBook - User navigate to more options
2021-09-23 20:18:48.334 [main][9921] INFO  page_object.FollowFaceBook - user navigate to follow by Face Book
2021-09-23 20:18:50.880 [main][12467] INFO  step_definitions.FollowOnFaceBook - user is on Face book page
2021-09-23 20:18:51.733 [main][13320] INFO  step_definitions.Hooks - Close Chrome Browser
2021-09-23 20:18:52.988 [main][14575] INFO  step_definitions.Hooks - Launch Chrome Browser
2021-09-23 20:18:55.538 [main][17125] INFO  step_definitions.Hooks - User is on home page
2021-09-23 20:18:56.589 [main][18176] INFO  page_object.BBCLogo - User is on News page
2021-09-23 20:18:56.677 [main][18264] INFO  page_object.BBCLogo - User is verified in NEWS page
2021-09-23 20:18:57.789 [main][19376] INFO  page_object.BBCLogo - User clicked on BBC Logo
2021-09-23 20:18:57.861 [main][19448] INFO  page_object.BBCLogo - User return to home page from news page
2021-09-23 20:18:58.580 [main][20167] INFO  step_definitions.Hooks - Close Chrome Browser
2021-09-23 20:18:59.867 [main][21454] INFO  step_definitions.Hooks - Launch Chrome Browser
2021-09-23 20:19:02.045 [main][23632] INFO  step_definitions.Hooks - User is on home page
2021-09-23 20:19:03.575 [main][25162] INFO  page_object.BBCLogo - User is on Sport page
2021-09-23 20:19:03.641 [main][25228] INFO  page_object.BBCLogo - User is verified in SPORT page
2021-09-23 20:19:04.733 [main][26320] INFO  page_object.BBCLogo - User clicked on BBC Logo
2021-09-23 20:19:04.798 [main][26385] INFO  page_object.BBCLogo - User return to home page from sport page
2021-09-23 20:19:05.509 [main][27096] INFO  step_definitions.Hooks - Close Chrome Browser
2021-09-23 20:19:06.830 [main][28417] INFO  step_definitions.Hooks - Launch Chrome Browser
2021-09-23 20:19:08.782 [main][30369] INFO  step_definitions.Hooks - User is on home page
2021-09-23 20:19:10.570 [main][32157] INFO  page_object.BBCLogo - User is on Travel page
2021-09-23 20:19:10.619 [main][32206] INFO  page_object.BBCLogo - User is verified in TRAVEL page
2021-09-23 20:19:11.526 [main][33113] INFO  page_object.BBCLogo - User clicked on BBC Logo
2021-09-23 20:19:11.573 [main][33160] INFO  page_object.BBCLogo - User return to home page from travel page
2021-09-23 20:19:12.301 [main][33888] INFO  step_definitions.Hooks - Close Chrome Browser
2021-09-23 20:19:13.498 [main][35085] INFO  step_definitions.Hooks - Launch Chrome Browser
2021-09-23 20:19:15.629 [main][37216] INFO  step_definitions.Hooks - User is on home page
2021-09-23 20:19:17.455 [main][39042] INFO  page_object.BBCLogo - User is on Future page
2021-09-23 20:19:17.513 [main][39100] INFO  page_object.BBCLogo - User is verified in FUTURE page
2021-09-23 20:19:18.507 [main][40094] INFO  page_object.BBCLogo - User clicked on BBC Logo
2021-09-23 20:19:18.588 [main][40175] INFO  page_object.BBCLogo - User return to home page from future page
2021-09-23 20:19:19.317 [main][40904] INFO  step_definitions.Hooks - Close Chrome Browser
2021-09-23 20:19:20.614 [main][42201] INFO  step_definitions.Hooks - Launch Chrome Browser
2021-09-23 20:19:22.796 [main][44383] INFO  step_definitions.Hooks - User is on home page
2021-09-23 20:19:24.376 [main][45963] INFO  page_object.Language - User clicked on Bangla in Language
2021-09-23 20:19:24.450 [main][46037] INFO  page_object.Language - User successfully getting Bangla services
2021-09-23 20:19:25.123 [main][46710] INFO  step_definitions.Hooks - Close Chrome Browser
2021-09-23 20:19:26.312 [main][47899] INFO  step_definitions.Hooks - Launch Chrome Browser
2021-09-23 20:19:28.652 [main][50239] INFO  step_definitions.Hooks - User is on home page
2021-09-23 20:19:30.138 [main][51725] INFO  page_object.Language - User clicked on Hindi in Language
2021-09-23 20:19:30.194 [main][51781] INFO  page_object.Language - User successfully getting Hindi services
2021-09-23 20:19:30.981 [main][52568] INFO  step_definitions.Hooks - Close Chrome Browser
2021-09-23 20:19:32.154 [main][53741] INFO  step_definitions.Hooks - Launch Chrome Browser
2021-09-23 20:19:36.744 [main][58331] INFO  step_definitions.Hooks - User is on home page
2021-09-23 20:19:39.955 [main][61542] INFO  page_object.OnAir - user clicked on On Air button
2021-09-23 20:20:01.838 [main][83425] INFO  page_object.OnAir - User played on live voice
2021-09-23 20:20:01.908 [main][83495] INFO  page_object.OnAir - User played On Live programme
2021-09-23 20:20:02.674 [main][84261] INFO  step_definitions.Hooks - Close Chrome Browser
2021-09-23 20:20:03.915 [main][85502] INFO  step_definitions.Hooks - Launch Chrome Browser
2021-09-23 20:20:06.389 [main][87976] INFO  step_definitions.Hooks - User is on home page
2021-09-23 20:20:06.791 [main][88378] INFO  page_object.Search - User entered credentials for search is: education
2021-09-23 20:20:09.322 [main][90909] INFO  page_object.Search - User clicked on search button successfully
2021-09-23 20:20:09.402 [main][90989] INFO  page_object.Search - Text Result Successful
2021-09-23 20:20:10.122 [main][91709] INFO  step_definitions.Hooks - Close Chrome Browser
2021-09-23 20:20:11.363 [main][92950] INFO  step_definitions.Hooks - Launch Chrome Browser
2021-09-23 20:20:13.832 [main][95419] INFO  step_definitions.Hooks - User is on home page
2021-09-23 20:20:13.832 [main][95419] DEBUG page_object.SignIn - Click on the Sign in on Home Page
2021-09-23 20:20:17.039 [main][98626] INFO  page_object.SignIn - User entered credentials
2021-09-23 20:20:18.585 [main][100172] DEBUG page_object.SignIn - user clicked on Sign in button
2021-09-23 20:20:18.696 [main][100283] INFO  page_object.SignIn - User is in user home page
2021-09-23 20:20:19.405 [main][100992] INFO  step_definitions.Hooks - Close Chrome Browser
2021-09-23 20:20:20.605 [main][102192] INFO  step_definitions.Hooks - Launch Chrome Browser
2021-09-23 20:20:22.965 [main][104552] INFO  step_definitions.Hooks - User is on home page
2021-09-23 20:20:22.965 [main][104552] DEBUG page_object.SignIn - Click on the Sign in on Home Page
2021-09-23 20:20:25.837 [main][107424] INFO  page_object.SignIn - User entered credentials
2021-09-23 20:20:27.939 [main][109526] DEBUG page_object.SignIn - user clicked on Sign in button
2021-09-23 20:20:28.021 [main][109608] INFO  page_object.SignIn - User is in user home page
2021-09-23 20:20:28.829 [main][110416] INFO  step_definitions.Hooks - Close Chrome Browser
2021-09-23 20:20:30.203 [main][111790] INFO  step_definitions.Hooks - Launch Chrome Browser
2021-09-23 20:20:32.651 [main][114238] INFO  step_definitions.Hooks - User is on home page
2021-09-23 20:20:32.651 [main][114238] DEBUG page_object.SignIn - Click on the Sign in on Home Page
2021-09-23 20:20:35.331 [main][116918] INFO  page_object.SignIn - User entered credentials
2021-09-23 20:20:37.222 [main][118809] DEBUG page_object.SignIn - user clicked on Sign in button
2021-09-23 20:20:37.303 [main][118890] INFO  page_object.SignIn - User is in user home page
2021-09-23 20:20:38.128 [main][119715] INFO  step_definitions.Hooks - Close Chrome Browser
2021-09-23 20:20:39.401 [main][120988] INFO  step_definitions.Hooks - Launch Chrome Browser
2021-09-23 20:20:41.477 [main][123064] INFO  step_definitions.Hooks - User is on home page
2021-09-23 20:20:41.480 [main][123067] DEBUG page_object.SignIn - Click on the Sign in on Home Page
2021-09-23 20:20:44.312 [main][125899] INFO  page_object.SignIn - User entered credentials
2021-09-23 20:20:44.908 [main][126495] DEBUG page_object.SignIn - user clicked on Sign in button
2021-09-23 20:20:44.976 [main][126563] INFO  page_object.SignIn - User is still in the sign in page
2021-09-23 20:20:45.746 [main][127333] INFO  step_definitions.Hooks - Close Chrome Browser
2021-09-23 20:20:46.963 [main][128550] INFO  step_definitions.Hooks - Launch Chrome Browser
2021-09-23 20:20:49.118 [main][130705] INFO  step_definitions.Hooks - User is on home page
2021-09-23 20:20:49.118 [main][130705] DEBUG page_object.SignIn - Click on the Sign in on Home Page
2021-09-23 20:20:51.969 [main][133556] INFO  page_object.SignIn - User entered credentials
2021-09-23 20:20:52.531 [main][134118] DEBUG page_object.SignIn - user clicked on Sign in button
2021-09-23 20:20:52.588 [main][134175] INFO  page_object.SignIn - User is still in the sign in page
2021-09-23 20:20:53.248 [main][134835] INFO  step_definitions.Hooks - Close Chrome Browser
2021-09-23 20:20:54.530 [main][136117] INFO  step_definitions.Hooks - Launch Chrome Browser
2021-09-23 20:20:56.583 [main][138170] INFO  step_definitions.Hooks - User is on home page
2021-09-23 20:20:56.583 [main][138170] DEBUG page_object.SignIn - Click on the Sign in on Home Page
2021-09-23 20:20:59.135 [main][140722] DEBUG page_object.SignIn - User entered Email Id is: mirmrhaman@gmail.com
2021-09-23 20:20:59.400 [main][140987] DEBUG page_object.SignIn - User entered Password is: m12345678
2021-09-23 20:21:01.102 [main][142689] INFO  page_object.SignIn - user has clicked on sign in button
2021-09-23 20:21:01.224 [main][142811] INFO  page_object.SignIn - User is in user home page
2021-09-23 20:21:01.952 [main][143539] INFO  step_definitions.Hooks - Close Chrome Browser
2021-09-23 20:21:03.227 [main][144814] INFO  step_definitions.Hooks - Launch Chrome Browser
2021-09-23 20:21:05.247 [main][146834] INFO  step_definitions.Hooks - User is on home page
2021-09-23 20:21:05.249 [main][146836] DEBUG page_object.SignIn - Click on the Sign in on Home Page
2021-09-23 20:21:08.190 [main][149777] INFO  page_object.SignIn - User entered credentials
2021-09-23 20:21:10.039 [main][151626] DEBUG page_object.SignIn - user clicked on Sign in button
2021-09-23 20:21:10.131 [main][151718] INFO  page_object.SignOut - User is in user home page
2021-09-23 20:21:10.203 [main][151790] INFO  page_object.SignOut - User is entering in profile page
2021-09-23 20:21:11.337 [main][152924] INFO  page_object.SignOut - User is in sign out page
2021-09-23 20:21:13.020 [main][154607] INFO  page_object.SignOut - User click on Sign out button
2021-09-23 20:21:13.076 [main][154663] INFO  page_object.SignOut - User is in home page
2021-09-23 20:21:13.870 [main][155457] INFO  step_definitions.Hooks - Close Chrome Browser
2021-09-23 20:21:15.123 [main][156710] INFO  step_definitions.Hooks - Launch Chrome Browser
2021-09-23 20:21:17.690 [main][159277] INFO  step_definitions.Hooks - User is on home page
2021-09-23 20:21:19.896 [main][161483] INFO  page_object.Sound - user clicked on sound button on home page
2021-09-23 20:21:19.962 [main][161549] INFO  page_object.Sound - User is on sounds page
2021-09-23 20:21:40.087 [main][181674] INFO  page_object.Sound - User played Radio Relax 1 and wait to listen for a moment
2021-09-23 20:21:40.158 [main][181745] INFO  page_object.Sound - User played Radio Relax 1 successfully
2021-09-23 20:21:40.947 [main][182534] INFO  step_definitions.Hooks - Close Chrome Browser
2021-09-23 20:21:42.231 [main][183818] INFO  step_definitions.Hooks - Launch Chrome Browser
2021-09-23 20:21:44.612 [main][186199] INFO  step_definitions.Hooks - User is on home page
2021-09-23 20:21:44.979 [main][186566] INFO  page_object.TV - User clicked on featured video on home page
2021-09-23 20:22:35.116 [main][236703] INFO  page_object.TV - User played a feature video and wait for a moment
2021-09-23 20:22:35.246 [main][236833] INFO  page_object.TV - User played feature video
2021-09-23 20:22:36.045 [main][237632] INFO  step_definitions.Hooks - Close Chrome Browser
2021-09-23 20:22:37.279 [main][238866] INFO  step_definitions.Hooks - Launch Chrome Browser
2021-09-23 20:22:39.719 [main][241306] INFO  step_definitions.Hooks - User is on home page
2021-09-23 20:22:40.070 [main][241657] INFO  page_object.Weather - user clicked on edit button in weather
2021-09-23 20:22:40.350 [main][241937] INFO  page_object.Weather - User entered name of city is: New York
2021-09-23 20:22:40.595 [main][242182] INFO  page_object.Weather - user clicked on search to implicit
2021-09-23 20:22:41.042 [main][242629] INFO  page_object.Weather - Search result show successfully
2021-09-23 20:22:41.174 [main][242761] INFO  page_object.Weather - user select New York location
2021-09-23 20:22:44.317 [main][245904] INFO  page_object.Weather - User can see New York weather
2021-09-23 20:22:45.070 [main][246657] INFO  step_definitions.Hooks - Close Chrome Browser
