2021-09-23 20:42:39.858 [main][18092] INFO  step_definitions.Hooks - Launch Chrome Browser
2021-09-23 20:42:51.619 [main][29853] INFO  step_definitions.Hooks - Browser is successfully initiated with URL: https://www.bbc.com/
2021-09-23 20:43:01.078 [main][39312] INFO  page_object.FollowFaceBook - User clicked on travel button
2021-09-23 20:43:01.339 [main][39573] INFO  page_object.FollowFaceBook - User is on Travel Page
2021-09-23 20:43:01.676 [main][39910] INFO  page_object.FollowFaceBook - User navigate to more options
2021-09-23 20:43:02.260 [main][40494] INFO  page_object.FollowFaceBook - user navigate to follow by Face Book
2021-09-23 20:43:14.999 [main][53233] INFO  step_definitions.FollowOnFaceBook - user is on Face book page
2021-09-23 20:43:17.012 [main][55246] INFO  step_definitions.Hooks - Close Chrome Browser
2021-09-23 20:43:20.027 [main][58261] INFO  step_definitions.Hooks - Launch Chrome Browser
2021-09-23 20:43:28.238 [main][66472] INFO  step_definitions.Hooks - Browser is successfully initiated with URL: https://www.bbc.com/
2021-09-23 20:43:30.684 [main][68918] INFO  page_object.BBCLogo - User is on News page
2021-09-23 20:43:30.803 [main][69037] INFO  page_object.BBCLogo - User is verified in NEWS page
2021-09-23 20:43:33.130 [main][71364] INFO  page_object.BBCLogo - User clicked on BBC Logo
2021-09-23 20:43:33.649 [main][71883] INFO  page_object.BBCLogo - User return to home page from news page
2021-09-23 20:43:35.004 [main][73238] INFO  step_definitions.Hooks - Close Chrome Browser
2021-09-23 20:43:37.861 [main][76095] INFO  step_definitions.Hooks - Launch Chrome Browser
2021-09-23 20:43:46.922 [main][85156] INFO  step_definitions.Hooks - Browser is successfully initiated with URL: https://www.bbc.com/
2021-09-23 20:43:52.467 [main][90701] INFO  page_object.BBCLogo - User is on Sport page
2021-09-23 20:43:52.677 [main][90911] INFO  page_object.BBCLogo - User is verified in SPORT page
2021-09-23 20:43:55.623 [main][93857] INFO  page_object.BBCLogo - User clicked on BBC Logo
2021-09-23 20:43:55.833 [main][94067] INFO  page_object.BBCLogo - User return to home page from sport page
2021-09-23 20:43:57.213 [main][95447] INFO  step_definitions.Hooks - Close Chrome Browser
2021-09-23 20:44:00.870 [main][99104] INFO  step_definitions.Hooks - Launch Chrome Browser
2021-09-23 20:44:16.815 [main][115049] INFO  step_definitions.Hooks - Browser is successfully initiated with URL: https://www.bbc.com/
2021-09-23 20:44:36.268 [main][134502] INFO  page_object.BBCLogo - User is on Travel page
2021-09-23 20:44:37.146 [main][135380] INFO  page_object.BBCLogo - User is verified in TRAVEL page
2021-09-23 20:44:42.074 [main][140308] INFO  page_object.BBCLogo - User clicked on BBC Logo
2021-09-23 20:44:42.307 [main][140541] INFO  page_object.BBCLogo - User return to home page from travel page
2021-09-23 20:44:43.858 [main][142092] INFO  step_definitions.Hooks - Close Chrome Browser
2021-09-23 20:44:46.882 [main][145116] INFO  step_definitions.Hooks - Launch Chrome Browser
2021-09-23 20:45:02.165 [main][160399] INFO  step_definitions.Hooks - Browser is successfully initiated with URL: https://www.bbc.com/
2021-09-23 20:45:07.854 [main][166088] INFO  page_object.BBCLogo - User is on Future page
2021-09-23 20:45:07.969 [main][166203] INFO  page_object.BBCLogo - User is verified in FUTURE page
2021-09-23 20:45:11.314 [main][169548] INFO  page_object.BBCLogo - User clicked on BBC Logo
2021-09-23 20:45:11.884 [main][170118] INFO  page_object.BBCLogo - User return to home page from future page
2021-09-23 20:45:13.515 [main][171749] INFO  step_definitions.Hooks - Close Chrome Browser
2021-09-23 20:45:17.803 [main][176037] INFO  step_definitions.Hooks - Launch Chrome Browser
2021-09-23 20:45:35.587 [main][193821] INFO  step_definitions.Hooks - Browser is successfully initiated with URL: https://www.bbc.com/
2021-09-23 20:45:43.782 [main][202016] INFO  page_object.Language - User clicked on Bangla in Language
2021-09-23 20:45:43.876 [main][202110] INFO  page_object.Language - User successfully getting Bangla services
2021-09-23 20:45:45.397 [main][203631] INFO  step_definitions.Hooks - Close Chrome Browser
2021-09-23 20:45:49.798 [main][208032] INFO  step_definitions.Hooks - Launch Chrome Browser
2021-09-23 20:46:02.766 [main][221000] INFO  step_definitions.Hooks - Browser is successfully initiated with URL: https://www.bbc.com/
2021-09-23 20:46:09.997 [main][228231] INFO  page_object.Language - User clicked on Hindi in Language
2021-09-23 20:46:10.083 [main][228317] INFO  page_object.Language - User successfully getting Hindi services
2021-09-23 20:46:11.442 [main][229676] INFO  step_definitions.Hooks - Close Chrome Browser
2021-09-23 20:46:14.834 [main][233068] INFO  step_definitions.Hooks - Launch Chrome Browser
2021-09-23 20:46:29.129 [main][247363] INFO  step_definitions.Hooks - Browser is successfully initiated with URL: https://www.bbc.com/
2021-09-23 20:46:39.434 [main][257668] INFO  page_object.OnAir - user clicked on On Air button
2021-09-23 20:47:02.746 [main][280980] INFO  page_object.OnAir - User played on live voice
2021-09-23 20:47:02.839 [main][281073] INFO  page_object.OnAir - User played On Live programme
2021-09-23 20:47:04.165 [main][282399] INFO  step_definitions.Hooks - Close Chrome Browser
2021-09-23 20:47:08.555 [main][286789] INFO  step_definitions.Hooks - Launch Chrome Browser
2021-09-23 20:47:27.621 [main][305855] INFO  step_definitions.Hooks - Browser is successfully initiated with URL: https://www.bbc.com/
2021-09-23 20:47:34.093 [main][312327] INFO  page_object.Search - User entered credentials for search is: education
2021-09-23 20:47:42.208 [main][320442] INFO  page_object.Search - User clicked on search button successfully
2021-09-23 20:47:42.480 [main][320714] INFO  page_object.Search - Text Result Successful
2021-09-23 20:47:44.338 [main][322572] INFO  step_definitions.Hooks - Close Chrome Browser
2021-09-23 20:47:51.005 [main][329239] INFO  step_definitions.Hooks - Launch Chrome Browser
2021-09-23 20:48:09.034 [main][347268] INFO  step_definitions.Hooks - Browser is successfully initiated with URL: https://www.bbc.com/
2021-09-23 20:48:09.039 [main][347273] DEBUG page_object.SignIn - Click on the Sign in on Home Page
2021-09-23 20:48:16.509 [main][354743] INFO  page_object.SignIn - User entered credentials
2021-09-23 20:48:20.947 [main][359181] DEBUG page_object.SignIn - user clicked on Sign in button
2021-09-23 20:48:21.551 [main][359785] INFO  page_object.SignIn - User is in user home page
2021-09-23 20:48:22.882 [main][361116] INFO  step_definitions.Hooks - Close Chrome Browser
2021-09-23 20:48:28.181 [main][366415] INFO  step_definitions.Hooks - Launch Chrome Browser
2021-09-23 20:48:45.866 [main][384100] INFO  step_definitions.Hooks - Browser is successfully initiated with URL: https://www.bbc.com/
2021-09-23 20:48:45.869 [main][384103] DEBUG page_object.SignIn - Click on the Sign in on Home Page
2021-09-23 20:48:51.659 [main][389893] INFO  page_object.SignIn - User entered credentials
2021-09-23 20:48:56.259 [main][394493] DEBUG page_object.SignIn - user clicked on Sign in button
2021-09-23 20:48:56.600 [main][394834] INFO  page_object.SignIn - User is in user home page
2021-09-23 20:48:57.966 [main][396200] INFO  step_definitions.Hooks - Close Chrome Browser
2021-09-23 20:49:03.498 [main][401732] INFO  step_definitions.Hooks - Launch Chrome Browser
2021-09-23 20:49:25.432 [main][423666] INFO  step_definitions.Hooks - Browser is successfully initiated with URL: https://www.bbc.com/
2021-09-23 20:49:25.434 [main][423668] DEBUG page_object.SignIn - Click on the Sign in on Home Page
2021-09-23 20:49:31.125 [main][429359] INFO  page_object.SignIn - User entered credentials
2021-09-23 20:49:36.685 [main][434919] DEBUG page_object.SignIn - user clicked on Sign in button
2021-09-23 20:49:37.278 [main][435512] INFO  page_object.SignIn - User is in user home page
2021-09-23 20:49:39.437 [main][437671] INFO  step_definitions.Hooks - Close Chrome Browser
2021-09-23 20:49:44.556 [main][442790] INFO  step_definitions.Hooks - Launch Chrome Browser
2021-09-23 20:50:06.324 [main][464558] INFO  step_definitions.Hooks - Browser is successfully initiated with URL: https://www.bbc.com/
2021-09-23 20:50:06.326 [main][464560] DEBUG page_object.SignIn - Click on the Sign in on Home Page
2021-09-23 20:50:13.952 [main][472186] INFO  page_object.SignIn - User entered credentials
2021-09-23 20:50:15.266 [main][473500] DEBUG page_object.SignIn - user clicked on Sign in button
2021-09-23 20:50:15.439 [main][473673] INFO  page_object.SignIn - User is still in the sign in page
2021-09-23 20:50:16.805 [main][475039] INFO  step_definitions.Hooks - Close Chrome Browser
2021-09-23 20:50:37.506 [main][495740] INFO  step_definitions.Hooks - Launch Chrome Browser
2021-09-23 20:51:30.981 [main][549215] INFO  step_definitions.Hooks - Browser is successfully initiated with URL: https://www.bbc.com/
2021-09-23 20:51:30.997 [main][549231] DEBUG page_object.SignIn - Click on the Sign in on Home Page
2021-09-23 20:51:56.071 [main][574305] INFO  page_object.SignIn - User entered credentials
2021-09-23 20:51:57.822 [main][576056] DEBUG page_object.SignIn - user clicked on Sign in button
2021-09-23 20:51:57.996 [main][576230] INFO  page_object.SignIn - User is still in the sign in page
2021-09-23 20:51:59.840 [main][578074] INFO  step_definitions.Hooks - Close Chrome Browser
2021-09-23 20:52:12.996 [main][591230] INFO  step_definitions.Hooks - Launch Chrome Browser
2021-09-23 20:52:36.677 [main][614911] INFO  step_definitions.Hooks - Browser is successfully initiated with URL: https://www.bbc.com/
2021-09-23 20:52:36.679 [main][614913] DEBUG page_object.SignIn - Click on the Sign in on Home Page
2021-09-23 20:52:48.141 [main][626375] DEBUG page_object.SignIn - User entered Email Id is: mirmrhaman@gmail.com
2021-09-23 20:52:48.929 [main][627163] DEBUG page_object.SignIn - User entered Password is: m12345678
2021-09-23 20:52:53.626 [main][631860] INFO  page_object.SignIn - user has clicked on sign in button
2021-09-23 20:52:54.104 [main][632338] INFO  page_object.SignIn - User is in user home page
2021-09-23 20:52:55.743 [main][633977] INFO  step_definitions.Hooks - Close Chrome Browser
2021-09-23 20:53:14.892 [main][653126] INFO  step_definitions.Hooks - Launch Chrome Browser
2021-09-23 20:54:29.687 [main][727921] INFO  step_definitions.Hooks - Browser is successfully initiated with URL: https://www.bbc.com/
2021-09-23 20:54:29.696 [main][727930] DEBUG page_object.SignIn - Click on the Sign in on Home Page
2021-09-23 20:55:14.420 [main][772654] INFO  page_object.SignIn - User entered credentials
2021-09-23 20:56:07.868 [main][826102] DEBUG page_object.SignIn - user clicked on Sign in button
2021-09-23 20:56:12.984 [main][831218] INFO  page_object.SignOut - User is in user home page
2021-09-23 20:56:15.363 [main][833597] INFO  page_object.SignOut - User is entering in profile page
2021-09-23 20:56:15.633 [main][833867] INFO  page_object.SignOut - User is in sign out page
2021-09-23 20:56:20.520 [main][838754] INFO  page_object.SignOut - User click on Sign out button
2021-09-23 20:56:36.446 [main][854680] INFO  step_definitions.Hooks - Close Chrome Browser
2021-09-23 20:56:38.459 [main][856693] INFO  step_definitions.Hooks - Launch Chrome Browser
2021-09-23 20:56:43.395 [main][861629] INFO  step_definitions.Hooks - Browser is successfully initiated with URL: https://www.bbc.com/
2021-09-23 20:56:47.044 [main][865278] INFO  page_object.Sound - user clicked on sound button on home page
2021-09-23 20:56:47.112 [main][865346] INFO  page_object.Sound - User is on sounds page
2021-09-23 20:57:07.282 [main][885516] INFO  page_object.Sound - User played Radio Relax 1 and wait to listen for a moment
2021-09-23 20:57:07.349 [main][885583] INFO  page_object.Sound - User played Radio Relax 1 successfully
2021-09-23 20:57:08.348 [main][886582] INFO  step_definitions.Hooks - Close Chrome Browser
2021-09-23 20:57:10.166 [main][888400] INFO  step_definitions.Hooks - Launch Chrome Browser
2021-09-23 20:57:15.523 [main][893757] INFO  step_definitions.Hooks - Browser is successfully initiated with URL: https://www.bbc.com/
2021-09-23 20:57:15.786 [main][894020] INFO  page_object.TV - User clicked on featured video on home page
2021-09-23 20:58:06.165 [main][944399] INFO  page_object.TV - User played a feature video and wait for a moment
2021-09-23 20:58:06.284 [main][944518] INFO  page_object.TV - User played feature video
2021-09-23 20:58:07.319 [main][945553] INFO  step_definitions.Hooks - Close Chrome Browser
2021-09-23 20:58:09.014 [main][947248] INFO  step_definitions.Hooks - Launch Chrome Browser
2021-09-23 20:58:13.909 [main][952143] INFO  step_definitions.Hooks - Browser is successfully initiated with URL: https://www.bbc.com/
2021-09-23 20:58:14.056 [main][952290] INFO  page_object.Weather - user clicked on edit button in weather
2021-09-23 20:58:14.333 [main][952567] INFO  page_object.Weather - User entered name of city is: New York
2021-09-23 20:58:14.474 [main][952708] INFO  page_object.Weather - user clicked on search to implicit
2021-09-23 20:58:14.794 [main][953028] INFO  page_object.Weather - Search result show successfully
2021-09-23 20:58:14.929 [main][953163] INFO  page_object.Weather - user select New York location
2021-09-23 20:58:18.362 [main][956596] INFO  page_object.Weather - User can see New York weather
2021-09-23 20:58:19.215 [main][957449] INFO  step_definitions.Hooks - Close Chrome Browser
