2021-09-24 13:47:33.355 [main][5023] INFO  step_definitions.Hooks - Launch Chrome Browser
2021-09-24 13:47:37.375 [main][9043] INFO  step_definitions.Hooks - Browser is successfully initiated with URL: https://www.bbc.com/
2021-09-24 13:47:39.509 [main][11177] INFO  page_object.FollowOnFaceBook - User clicked on travel button
2021-09-24 13:47:39.636 [main][11304] INFO  page_object.FollowOnFaceBook - User is on Travel Page
2021-09-24 13:47:39.863 [main][11531] INFO  page_object.FollowOnFaceBook - User navigate to more options
2021-09-24 13:47:40.136 [main][11804] INFO  page_object.FollowOnFaceBook - user navigate to follow by Face Book
2021-09-24 13:47:43.198 [main][14866] INFO  step_definitions.FollowOnFaceBookSteps - user is on Face book page
2021-09-24 13:47:44.068 [main][15736] INFO  step_definitions.Hooks - Close Chrome Browser
2021-09-24 13:47:45.470 [main][17138] INFO  step_definitions.Hooks - Launch Chrome Browser
2021-09-24 13:47:51.473 [main][23141] INFO  step_definitions.Hooks - Browser is successfully initiated with URL: https://www.bbc.com/
2021-09-24 13:47:51.798 [main][23466] INFO  page_object.BBCLogo - User is on News page
2021-09-24 13:47:52.511 [main][24179] INFO  step_definitions.Hooks - Close Chrome Browser
2021-09-24 13:47:53.823 [main][25491] INFO  step_definitions.Hooks - Launch Chrome Browser
2021-09-24 13:47:56.400 [main][28068] INFO  step_definitions.Hooks - Close Chrome Browser
2021-09-24 13:47:57.599 [main][29267] INFO  step_definitions.Hooks - Launch Chrome Browser
2021-09-24 13:48:00.321 [main][31989] INFO  step_definitions.Hooks - Close Chrome Browser
2021-09-24 13:48:01.645 [main][33313] INFO  step_definitions.Hooks - Launch Chrome Browser
2021-09-24 13:48:03.898 [main][35566] INFO  step_definitions.Hooks - Close Chrome Browser
2021-09-24 13:48:05.210 [main][36878] INFO  step_definitions.Hooks - Launch Chrome Browser
2021-09-24 13:48:08.758 [main][40426] INFO  step_definitions.Hooks - Browser is successfully initiated with URL: https://www.bbc.com/
2021-09-24 13:48:08.884 [main][40552] INFO  page_object.Language - User clicked on Bangla in Language
2021-09-24 13:48:09.606 [main][41274] INFO  step_definitions.Hooks - Close Chrome Browser
2021-09-24 13:48:10.911 [main][42579] INFO  step_definitions.Hooks - Launch Chrome Browser
2021-09-24 13:48:14.544 [main][46212] INFO  step_definitions.Hooks - Browser is successfully initiated with URL: https://www.bbc.com/
2021-09-24 13:48:14.670 [main][46338] INFO  page_object.Language - User clicked on Hindi in Language
2021-09-24 13:48:15.381 [main][47049] INFO  step_definitions.Hooks - Close Chrome Browser
