2021-09-23 16:26:25.161 [main][5113] INFO  step_definitions.Hooks - Launch Chrome Browser
2021-09-23 16:26:27.494 [main][7446] INFO  step_definitions.Hooks - User is on home page
2021-09-23 16:26:29.583 [main][9535] INFO  page_object.FollowOnFaceBook - User clicked on travel button
2021-09-23 16:26:29.688 [main][9640] INFO  page_object.FollowOnFaceBook - User is on Travel Page
2021-09-23 16:26:29.860 [main][9812] INFO  page_object.FollowOnFaceBook - User navigate to more options
2021-09-23 16:26:30.046 [main][9998] INFO  page_object.FollowOnFaceBook - user navigate to follow by Face Book
2021-09-23 16:26:32.976 [main][12928] INFO  step_definitions.FollowOnFaceBookSteps - user is on Face book page
2021-09-23 16:26:33.839 [main][13791] INFO  step_definitions.Hooks - Close Chrome Browser
2021-09-23 16:26:35.113 [main][15065] INFO  step_definitions.Hooks - Launch Chrome Browser
2021-09-23 16:26:37.296 [main][17248] INFO  step_definitions.Hooks - User is on home page
2021-09-23 16:26:38.664 [main][18616] INFO  page_object.BBCLogo - User is on News page
2021-09-23 16:26:38.748 [main][18700] INFO  page_object.BBCLogo - User is verified in NEWS page
2021-09-23 16:26:39.772 [main][19724] INFO  page_object.BBCLogo - User clicked on BBC Logo
2021-09-23 16:26:39.822 [main][19774] INFO  page_object.BBCLogo - User return to home page from news page
2021-09-23 16:26:40.510 [main][20462] INFO  step_definitions.Hooks - Close Chrome Browser
2021-09-23 16:26:41.708 [main][21660] INFO  step_definitions.Hooks - Launch Chrome Browser
2021-09-23 16:26:43.975 [main][23927] INFO  step_definitions.Hooks - User is on home page
2021-09-23 16:26:45.415 [main][25367] INFO  page_object.BBCLogo - User is on Sport page
2021-09-23 16:26:45.512 [main][25464] INFO  page_object.BBCLogo - User is verified in SPORT page
2021-09-23 16:26:46.880 [main][26832] INFO  page_object.BBCLogo - User clicked on BBC Logo
2021-09-23 16:26:46.952 [main][26904] INFO  page_object.BBCLogo - User return to home page from sport page
2021-09-23 16:26:47.701 [main][27653] INFO  step_definitions.Hooks - Close Chrome Browser
2021-09-23 16:26:49.003 [main][28955] INFO  step_definitions.Hooks - Launch Chrome Browser
2021-09-23 16:26:51.315 [main][31267] INFO  step_definitions.Hooks - User is on home page
2021-09-23 16:26:53.026 [main][32978] INFO  page_object.BBCLogo - User is on Travel page
2021-09-23 16:26:53.078 [main][33030] INFO  page_object.BBCLogo - User is verified in TRAVEL page
2021-09-23 16:26:54.230 [main][34182] INFO  page_object.BBCLogo - User clicked on BBC Logo
2021-09-23 16:26:54.396 [main][34348] INFO  page_object.BBCLogo - User return to home page from travel page
2021-09-23 16:26:55.200 [main][35152] INFO  step_definitions.Hooks - Close Chrome Browser
2021-09-23 16:26:56.432 [main][36384] INFO  step_definitions.Hooks - Launch Chrome Browser
2021-09-23 16:26:58.827 [main][38779] INFO  step_definitions.Hooks - User is on home page
2021-09-23 16:27:00.549 [main][40501] INFO  page_object.BBCLogo - User is on Future page
2021-09-23 16:27:00.634 [main][40586] INFO  page_object.BBCLogo - User is verified in FUTURE page
2021-09-23 16:27:01.647 [main][41599] INFO  page_object.BBCLogo - User clicked on BBC Logo
2021-09-23 16:27:01.725 [main][41677] INFO  page_object.BBCLogo - User return to home page from future page
2021-09-23 16:27:02.465 [main][42417] INFO  step_definitions.Hooks - Close Chrome Browser
2021-09-23 16:27:03.734 [main][43686] INFO  step_definitions.Hooks - Launch Chrome Browser
2021-09-23 16:27:05.945 [main][45897] INFO  step_definitions.Hooks - User is on home page
2021-09-23 16:27:07.539 [main][47491] INFO  page_object.Language - User clicked on Bangla in Language
2021-09-23 16:27:07.601 [main][47553] INFO  page_object.Language - User successfully getting Bangla services
2021-09-23 16:27:08.315 [main][48267] INFO  step_definitions.Hooks - Close Chrome Browser
2021-09-23 16:27:09.643 [main][49595] INFO  step_definitions.Hooks - Launch Chrome Browser
2021-09-23 16:27:11.903 [main][51855] INFO  step_definitions.Hooks - User is on home page
2021-09-23 16:27:13.485 [main][53437] INFO  page_object.Language - User clicked on Hindi in Language
2021-09-23 16:27:13.555 [main][53507] INFO  page_object.Language - User successfully getting Hindi services
2021-09-23 16:27:14.314 [main][54266] INFO  step_definitions.Hooks - Close Chrome Browser
2021-09-23 16:27:15.528 [main][55480] INFO  step_definitions.Hooks - Launch Chrome Browser
2021-09-23 16:27:17.906 [main][57858] INFO  step_definitions.Hooks - User is on home page
2021-09-23 16:27:20.235 [main][60187] INFO  page_object.OnAir - user clicked on On Air button
2021-09-23 16:27:41.189 [main][81141] INFO  page_object.OnAir - User played on live voice
2021-09-23 16:27:41.269 [main][81221] INFO  page_object.OnAir - User played On Live programme
2021-09-23 16:27:41.992 [main][81944] INFO  step_definitions.Hooks - Close Chrome Browser
2021-09-23 16:27:43.343 [main][83295] INFO  step_definitions.Hooks - Launch Chrome Browser
2021-09-23 16:27:45.411 [main][85363] INFO  step_definitions.Hooks - User is on home page
2021-09-23 16:27:45.881 [main][85833] INFO  page_object.Search - User entered credentials for search is: education
2021-09-23 16:27:48.272 [main][88224] INFO  page_object.Search - User clicked on search button successfully
2021-09-23 16:27:48.348 [main][88300] INFO  page_object.Search - Text Result Successful
2021-09-23 16:27:49.106 [main][89058] INFO  step_definitions.Hooks - Close Chrome Browser
2021-09-23 16:27:50.400 [main][90352] INFO  step_definitions.Hooks - Launch Chrome Browser
2021-09-23 16:27:52.661 [main][92613] INFO  step_definitions.Hooks - User is on home page
2021-09-23 16:27:52.661 [main][92613] DEBUG page_object.SignIn - Click on the Sign in on Home Page
2021-09-23 16:27:55.387 [main][95339] INFO  page_object.SignIn - User entered credentials
2021-09-23 16:27:57.019 [main][96971] DEBUG page_object.SignIn - user clicked on Sign in button
2021-09-23 16:27:57.239 [main][97191] INFO  page_object.SignIn - User is in user home page
2021-09-23 16:27:57.926 [main][97878] INFO  step_definitions.Hooks - Close Chrome Browser
2021-09-23 16:27:59.178 [main][99130] INFO  step_definitions.Hooks - Launch Chrome Browser
2021-09-23 16:28:01.497 [main][101449] INFO  step_definitions.Hooks - User is on home page
2021-09-23 16:28:01.497 [main][101449] DEBUG page_object.SignIn - Click on the Sign in on Home Page
2021-09-23 16:28:04.238 [main][104190] INFO  page_object.SignIn - User entered credentials
2021-09-23 16:28:05.841 [main][105793] DEBUG page_object.SignIn - user clicked on Sign in button
2021-09-23 16:28:05.927 [main][105879] INFO  page_object.SignIn - User is in user home page
2021-09-23 16:28:06.629 [main][106581] INFO  step_definitions.Hooks - Close Chrome Browser
2021-09-23 16:28:07.852 [main][107804] INFO  step_definitions.Hooks - Launch Chrome Browser
2021-09-23 16:28:10.282 [main][110234] INFO  step_definitions.Hooks - User is on home page
2021-09-23 16:28:10.282 [main][110234] DEBUG page_object.SignIn - Click on the Sign in on Home Page
2021-09-23 16:28:13.026 [main][112978] INFO  page_object.SignIn - User entered credentials
2021-09-23 16:28:14.708 [main][114660] DEBUG page_object.SignIn - user clicked on Sign in button
2021-09-23 16:28:14.920 [main][114872] INFO  page_object.SignIn - User is in user home page
2021-09-23 16:28:15.625 [main][115577] INFO  step_definitions.Hooks - Close Chrome Browser
2021-09-23 16:28:16.935 [main][116887] INFO  step_definitions.Hooks - Launch Chrome Browser
2021-09-23 16:28:19.238 [main][119190] INFO  step_definitions.Hooks - User is on home page
2021-09-23 16:28:19.239 [main][119191] DEBUG page_object.SignIn - Click on the Sign in on Home Page
2021-09-23 16:28:21.769 [main][121721] INFO  page_object.SignIn - User entered credentials
2021-09-23 16:28:22.356 [main][122308] DEBUG page_object.SignIn - user clicked on Sign in button
2021-09-23 16:28:22.421 [main][122373] INFO  page_object.SignIn - User is still in the sign in page
2021-09-23 16:28:23.137 [main][123089] INFO  step_definitions.Hooks - Close Chrome Browser
2021-09-23 16:28:24.497 [main][124449] INFO  step_definitions.Hooks - Launch Chrome Browser
2021-09-23 16:28:26.686 [main][126638] INFO  step_definitions.Hooks - User is on home page
2021-09-23 16:28:26.694 [main][126646] DEBUG page_object.SignIn - Click on the Sign in on Home Page
2021-09-23 16:28:29.525 [main][129477] INFO  page_object.SignIn - User entered credentials
2021-09-23 16:28:30.140 [main][130092] DEBUG page_object.SignIn - user clicked on Sign in button
2021-09-23 16:28:30.212 [main][130164] INFO  page_object.SignIn - User is still in the sign in page
2021-09-23 16:28:30.913 [main][130865] INFO  step_definitions.Hooks - Close Chrome Browser
2021-09-23 16:28:32.171 [main][132123] INFO  step_definitions.Hooks - Launch Chrome Browser
2021-09-23 16:28:34.372 [main][134324] INFO  step_definitions.Hooks - User is on home page
2021-09-23 16:28:34.372 [main][134324] DEBUG page_object.SignIn - Click on the Sign in on Home Page
2021-09-23 16:28:36.604 [main][136556] DEBUG page_object.SignIn - User entered Email Id is: mirmrhaman@gmail.com
2021-09-23 16:28:36.822 [main][136774] DEBUG page_object.SignIn - User entered Password is: m12345678
2021-09-23 16:28:38.497 [main][138449] INFO  page_object.SignIn - user has clicked on sign in button
2021-09-23 16:28:38.660 [main][138612] INFO  page_object.SignIn - User is in user home page
2021-09-23 16:28:39.346 [main][139298] INFO  step_definitions.Hooks - Close Chrome Browser
2021-09-23 16:28:40.575 [main][140527] INFO  step_definitions.Hooks - Launch Chrome Browser
2021-09-23 16:28:42.820 [main][142772] INFO  step_definitions.Hooks - User is on home page
2021-09-23 16:28:42.820 [main][142772] DEBUG page_object.SignIn - Click on the Sign in on Home Page
2021-09-23 16:28:45.379 [main][145331] INFO  page_object.SignIn - User entered credentials
2021-09-23 16:28:46.924 [main][146876] DEBUG page_object.SignIn - user clicked on Sign in button
2021-09-23 16:28:47.097 [main][147049] INFO  page_object.SignOut - User is in user home page
2021-09-23 16:28:47.218 [main][147170] INFO  page_object.SignOut - User is entering in profile page
2021-09-23 16:28:48.023 [main][147975] INFO  page_object.SignOut - User is in sign out page
2021-09-23 16:28:49.587 [main][149539] INFO  page_object.SignOut - User click on Sign out button
2021-09-23 16:28:49.643 [main][149595] INFO  page_object.SignOut - User is in home page
2021-09-23 16:28:50.383 [main][150335] INFO  step_definitions.Hooks - Close Chrome Browser
2021-09-23 16:28:51.669 [main][151621] INFO  step_definitions.Hooks - Launch Chrome Browser
2021-09-23 16:28:54.038 [main][153990] INFO  step_definitions.Hooks - User is on home page
2021-09-23 16:28:56.174 [main][156126] INFO  page_object.Sound - user clicked on sound button on home page
2021-09-23 16:28:56.223 [main][156175] INFO  page_object.Sound - User is on sounds page
2021-09-23 16:29:16.357 [main][176309] INFO  page_object.Sound - User played Radio Relax 1 and wait to listen for a moment
2021-09-23 16:29:16.447 [main][176399] INFO  page_object.Sound - User played Radio Relax 1 successfully
2021-09-23 16:29:17.225 [main][177177] INFO  step_definitions.Hooks - Close Chrome Browser
2021-09-23 16:29:18.508 [main][178460] INFO  step_definitions.Hooks - Launch Chrome Browser
2021-09-23 16:29:21.106 [main][181058] INFO  step_definitions.Hooks - User is on home page
2021-09-23 16:29:21.385 [main][181337] INFO  page_object.TV - User clicked on featured video on home page
2021-09-23 16:30:11.587 [main][231539] INFO  page_object.TV - User played a feature video and wait for a moment
2021-09-23 16:30:11.715 [main][231667] INFO  page_object.TV - User played feature video
2021-09-23 16:30:12.513 [main][232465] INFO  step_definitions.Hooks - Close Chrome Browser
2021-09-23 16:30:13.794 [main][233746] INFO  step_definitions.Hooks - Launch Chrome Browser
2021-09-23 16:30:16.102 [main][236054] INFO  step_definitions.Hooks - User is on home page
2021-09-23 16:30:16.530 [main][236482] INFO  page_object.Weather - user clicked on edit button in weather
2021-09-23 16:30:16.772 [main][236724] INFO  page_object.Weather - User entered name of city is: New York
2021-09-23 16:30:17.033 [main][236985] INFO  page_object.Weather - user clicked on search to implicit
2021-09-23 16:30:17.648 [main][237600] INFO  page_object.Weather - Search result show successfully
2021-09-23 16:30:17.777 [main][237729] INFO  page_object.Weather - user select New York location
2021-09-23 16:30:20.876 [main][240828] INFO  page_object.Weather - User can see New York weather
2021-09-23 16:30:21.635 [main][241587] INFO  step_definitions.Hooks - Close Chrome Browser
