2021-09-24 22:05:04.819 [main][4445] INFO  step_definitions.Hooks - Launch Chrome Browser
2021-09-24 22:05:08.344 [main][7970] INFO  step_definitions.Hooks - Browser is successfully initiated with URL: https://www.bbc.com/
2021-09-24 22:05:09.960 [main][9586] INFO  page_object.FollowFaceBook - User clicked on travel button
2021-09-24 22:05:10.077 [main][9703] INFO  page_object.FollowFaceBook - User is on Travel Page
2021-09-24 22:05:10.227 [main][9853] INFO  page_object.FollowFaceBook - User navigate to more options
2021-09-24 22:05:10.426 [main][10052] INFO  page_object.FollowFaceBook - user navigate to follow by Face Book
2021-09-24 22:05:13.008 [main][12634] INFO  step_definitions.FollowOnFaceBook - user is on Face book page
2021-09-24 22:05:13.843 [main][13469] INFO  step_definitions.Hooks - Close Chrome Browser
2021-09-24 22:05:15.192 [main][14818] INFO  step_definitions.Hooks - Launch Chrome Browser
2021-09-24 22:05:18.513 [main][18139] INFO  step_definitions.Hooks - Browser is successfully initiated with URL: https://www.bbc.com/
2021-09-24 22:05:19.639 [main][19265] INFO  page_object.BBCLogo - User is on News page
2021-09-24 22:05:19.702 [main][19328] INFO  page_object.BBCLogo - User is verified in NEWS page
2021-09-24 22:05:20.530 [main][20156] INFO  page_object.BBCLogo - User clicked on BBC Logo
2021-09-24 22:05:20.650 [main][20276] INFO  page_object.BBCLogo - User return to home page from news page
2021-09-24 22:05:21.354 [main][20980] INFO  step_definitions.Hooks - Close Chrome Browser
2021-09-24 22:05:22.549 [main][22175] INFO  step_definitions.Hooks - Launch Chrome Browser
2021-09-24 22:05:26.112 [main][25738] INFO  step_definitions.Hooks - Browser is successfully initiated with URL: https://www.bbc.com/
2021-09-24 22:05:27.505 [main][27131] INFO  page_object.BBCLogo - User is on Sport page
2021-09-24 22:05:27.611 [main][27237] INFO  page_object.BBCLogo - User is verified in SPORT page
2021-09-24 22:05:28.582 [main][28208] INFO  page_object.BBCLogo - User clicked on BBC Logo
2021-09-24 22:05:28.731 [main][28357] INFO  page_object.BBCLogo - User return to home page from sport page
2021-09-24 22:05:29.462 [main][29088] INFO  step_definitions.Hooks - Close Chrome Browser
2021-09-24 22:05:30.757 [main][30383] INFO  step_definitions.Hooks - Launch Chrome Browser
2021-09-24 22:05:34.355 [main][33981] INFO  step_definitions.Hooks - Browser is successfully initiated with URL: https://www.bbc.com/
2021-09-24 22:05:36.897 [main][36523] INFO  page_object.BBCLogo - User is on Travel page
2021-09-24 22:05:36.944 [main][36570] INFO  page_object.BBCLogo - User is verified in TRAVEL page
2021-09-24 22:05:38.214 [main][37840] INFO  page_object.BBCLogo - User clicked on BBC Logo
2021-09-24 22:05:38.381 [main][38007] INFO  page_object.BBCLogo - User return to home page from travel page
2021-09-24 22:05:39.122 [main][38748] INFO  step_definitions.Hooks - Close Chrome Browser
2021-09-24 22:05:40.386 [main][40012] INFO  step_definitions.Hooks - Launch Chrome Browser
2021-09-24 22:05:44.405 [main][44031] INFO  step_definitions.Hooks - Browser is successfully initiated with URL: https://www.bbc.com/
2021-09-24 22:05:46.590 [main][46216] INFO  page_object.BBCLogo - User is on Future page
2021-09-24 22:05:46.671 [main][46297] INFO  page_object.BBCLogo - User is verified in FUTURE page
2021-09-24 22:05:47.757 [main][47383] INFO  page_object.BBCLogo - User clicked on BBC Logo
2021-09-24 22:05:47.846 [main][47472] INFO  page_object.BBCLogo - User return to home page from future page
2021-09-24 22:05:48.601 [main][48227] INFO  step_definitions.Hooks - Close Chrome Browser
2021-09-24 22:05:49.816 [main][49442] INFO  step_definitions.Hooks - Launch Chrome Browser
2021-09-24 22:05:53.337 [main][52963] INFO  step_definitions.Hooks - Browser is successfully initiated with URL: https://www.bbc.com/
2021-09-24 22:05:54.826 [main][54452] INFO  page_object.Language - User clicked on Bangla in Language
2021-09-24 22:05:54.888 [main][54514] INFO  page_object.Language - User successfully getting Bangla services
2021-09-24 22:05:55.686 [main][55312] INFO  step_definitions.Hooks - Close Chrome Browser
2021-09-24 22:05:56.990 [main][56616] INFO  step_definitions.Hooks - Launch Chrome Browser
2021-09-24 22:06:00.448 [main][60074] INFO  step_definitions.Hooks - Browser is successfully initiated with URL: https://www.bbc.com/
2021-09-24 22:06:01.966 [main][61592] INFO  page_object.Language - User clicked on Hindi in Language
2021-09-24 22:06:02.043 [main][61669] INFO  page_object.Language - User successfully getting Hindi services
2021-09-24 22:06:02.849 [main][62475] INFO  step_definitions.Hooks - Close Chrome Browser
2021-09-24 22:06:04.171 [main][63797] INFO  step_definitions.Hooks - Launch Chrome Browser
2021-09-24 22:06:07.334 [main][66960] INFO  step_definitions.Hooks - Browser is successfully initiated with URL: https://www.bbc.com/
2021-09-24 22:06:09.193 [main][68819] INFO  page_object.OnAir - user clicked on On Air button
2021-09-24 22:06:30.165 [main][89791] INFO  page_object.OnAir - User played on live voice
2021-09-24 22:06:30.247 [main][89873] INFO  page_object.OnAir - User played On Live programme
2021-09-24 22:06:30.964 [main][90590] INFO  step_definitions.Hooks - Close Chrome Browser
2021-09-24 22:06:32.300 [main][91926] INFO  step_definitions.Hooks - Launch Chrome Browser
2021-09-24 22:06:35.701 [main][95327] INFO  step_definitions.Hooks - Browser is successfully initiated with URL: https://www.bbc.com/
2021-09-24 22:06:35.954 [main][95580] INFO  page_object.Search - User entered credentials for search is: education
2021-09-24 22:06:38.009 [main][97635] INFO  page_object.Search - User clicked on search button successfully
2021-09-24 22:06:38.079 [main][97705] INFO  page_object.Search - Text Result Successful
2021-09-24 22:06:38.785 [main][98411] INFO  step_definitions.Hooks - Close Chrome Browser
2021-09-24 22:06:40.117 [main][99743] INFO  step_definitions.Hooks - Launch Chrome Browser
2021-09-24 22:06:43.355 [main][102981] INFO  step_definitions.Hooks - Browser is successfully initiated with URL: https://www.bbc.com/
2021-09-24 22:06:43.363 [main][102989] DEBUG page_object.SignIn - Click on the Sign in on Home Page
2021-09-24 22:06:45.862 [main][105488] INFO  page_object.SignIn - User entered credentials
2021-09-24 22:06:47.418 [main][107044] DEBUG page_object.SignIn - user clicked on Sign in button
2021-09-24 22:06:47.531 [main][107157] INFO  page_object.SignIn - User is in user home page
2021-09-24 22:06:48.260 [main][107886] INFO  step_definitions.Hooks - Close Chrome Browser
2021-09-24 22:06:49.513 [main][109139] INFO  step_definitions.Hooks - Launch Chrome Browser
2021-09-24 22:06:52.706 [main][112332] INFO  step_definitions.Hooks - Browser is successfully initiated with URL: https://www.bbc.com/
2021-09-24 22:06:52.707 [main][112333] DEBUG page_object.SignIn - Click on the Sign in on Home Page
2021-09-24 22:06:55.148 [main][114774] INFO  page_object.SignIn - User entered credentials
2021-09-24 22:06:57.077 [main][116703] DEBUG page_object.SignIn - user clicked on Sign in button
2021-09-24 22:06:57.219 [main][116845] INFO  page_object.SignIn - User is in user home page
2021-09-24 22:06:57.950 [main][117576] INFO  step_definitions.Hooks - Close Chrome Browser
2021-09-24 22:06:59.274 [main][118900] INFO  step_definitions.Hooks - Launch Chrome Browser
2021-09-24 22:07:02.686 [main][122312] INFO  step_definitions.Hooks - Browser is successfully initiated with URL: https://www.bbc.com/
2021-09-24 22:07:02.686 [main][122312] DEBUG page_object.SignIn - Click on the Sign in on Home Page
2021-09-24 22:07:05.879 [main][125505] INFO  page_object.SignIn - User entered credentials
2021-09-24 22:07:07.374 [main][127000] DEBUG page_object.SignIn - user clicked on Sign in button
2021-09-24 22:07:07.456 [main][127082] INFO  page_object.SignIn - User is in user home page
2021-09-24 22:07:08.224 [main][127850] INFO  step_definitions.Hooks - Close Chrome Browser
2021-09-24 22:07:09.491 [main][129117] INFO  step_definitions.Hooks - Launch Chrome Browser
2021-09-24 22:07:12.816 [main][132442] INFO  step_definitions.Hooks - Browser is successfully initiated with URL: https://www.bbc.com/
2021-09-24 22:07:12.816 [main][132442] DEBUG page_object.SignIn - Click on the Sign in on Home Page
2021-09-24 22:07:15.702 [main][135328] INFO  page_object.SignIn - User entered credentials
2021-09-24 22:07:16.478 [main][136104] DEBUG page_object.SignIn - user clicked on Sign in button
2021-09-24 22:07:16.536 [main][136162] INFO  page_object.SignIn - User is still in the sign in page
2021-09-24 22:07:17.243 [main][136869] INFO  step_definitions.Hooks - Close Chrome Browser
2021-09-24 22:07:18.515 [main][138141] INFO  step_definitions.Hooks - Launch Chrome Browser
2021-09-24 22:07:21.625 [main][141251] INFO  step_definitions.Hooks - Browser is successfully initiated with URL: https://www.bbc.com/
2021-09-24 22:07:21.625 [main][141251] DEBUG page_object.SignIn - Click on the Sign in on Home Page
2021-09-24 22:07:24.288 [main][143914] INFO  page_object.SignIn - User entered credentials
2021-09-24 22:07:26.618 [main][146244] DEBUG page_object.SignIn - user clicked on Sign in button
2021-09-24 22:07:26.702 [main][146328] INFO  page_object.SignIn - User is still in the sign in page
2021-09-24 22:07:27.444 [main][147070] INFO  step_definitions.Hooks - Close Chrome Browser
2021-09-24 22:07:28.593 [main][148219] INFO  step_definitions.Hooks - Launch Chrome Browser
2021-09-24 22:07:31.878 [main][151504] INFO  step_definitions.Hooks - Browser is successfully initiated with URL: https://www.bbc.com/
2021-09-24 22:07:31.878 [main][151504] DEBUG page_object.SignIn - Click on the Sign in on Home Page
2021-09-24 22:07:33.926 [main][153552] DEBUG page_object.SignIn - User entered Email Id is: mirmrhaman@gmail.com
2021-09-24 22:07:34.198 [main][153824] DEBUG page_object.SignIn - User entered Password is: m12345678
2021-09-24 22:07:35.865 [main][155491] INFO  page_object.SignIn - user has clicked on sign in button
2021-09-24 22:07:35.937 [main][155563] INFO  page_object.SignIn - User is in user home page
2021-09-24 22:07:36.729 [main][156355] INFO  step_definitions.Hooks - Close Chrome Browser
2021-09-24 22:07:38.003 [main][157629] INFO  step_definitions.Hooks - Launch Chrome Browser
2021-09-24 22:07:41.404 [main][161030] INFO  step_definitions.Hooks - Browser is successfully initiated with URL: https://www.bbc.com/
2021-09-24 22:07:41.404 [main][161030] DEBUG page_object.SignIn - Click on the Sign in on Home Page
2021-09-24 22:07:43.739 [main][163365] INFO  page_object.SignIn - User entered credentials
2021-09-24 22:07:45.997 [main][165623] DEBUG page_object.SignIn - user clicked on Sign in button
2021-09-24 22:07:46.089 [main][165715] INFO  page_object.SignOut - User is in user home page
2021-09-24 22:07:46.222 [main][165848] INFO  page_object.SignOut - User is entering in profile page
2021-09-24 22:07:47.800 [main][167426] INFO  page_object.SignOut - User is in sign out page
2021-09-24 22:07:49.365 [main][168991] INFO  page_object.SignOut - User click on Sign out button
2021-09-24 22:07:49.422 [main][169048] INFO  page_object.SignOut - User is in home page
2021-09-24 22:07:50.271 [main][169897] INFO  step_definitions.Hooks - Close Chrome Browser
2021-09-24 22:07:51.485 [main][171111] INFO  step_definitions.Hooks - Launch Chrome Browser
2021-09-24 22:07:54.854 [main][174480] INFO  step_definitions.Hooks - Browser is successfully initiated with URL: https://www.bbc.com/
2021-09-24 22:07:56.793 [main][176419] INFO  page_object.Sound - user clicked on sound button on home page
2021-09-24 22:07:56.865 [main][176491] INFO  page_object.Sound - User is on sounds page
2021-09-24 22:08:16.977 [main][196603] INFO  page_object.Sound - User played Radio Relax 1 and wait to listen for a moment
2021-09-24 22:08:17.070 [main][196696] INFO  page_object.Sound - User played Radio Relax 1 successfully
2021-09-24 22:08:17.823 [main][197449] INFO  step_definitions.Hooks - Close Chrome Browser
2021-09-24 22:08:19.151 [main][198777] INFO  step_definitions.Hooks - Launch Chrome Browser
2021-09-24 22:08:22.752 [main][202378] INFO  step_definitions.Hooks - Browser is successfully initiated with URL: https://www.bbc.com/
2021-09-24 22:08:22.929 [main][202555] INFO  page_object.TV - User clicked on featured video on home page
2021-09-24 22:09:13.034 [main][252660] INFO  page_object.TV - User played a feature video and wait for a moment
2021-09-24 22:09:13.144 [main][252770] INFO  page_object.TV - User played feature video
2021-09-24 22:09:13.929 [main][253555] INFO  step_definitions.Hooks - Close Chrome Browser
2021-09-24 22:09:15.187 [main][254813] INFO  step_definitions.Hooks - Launch Chrome Browser
2021-09-24 22:09:18.894 [main][258520] INFO  step_definitions.Hooks - Browser is successfully initiated with URL: https://www.bbc.com/
2021-09-24 22:09:19.061 [main][258687] INFO  page_object.Weather - user clicked on edit button in weather
2021-09-24 22:09:19.304 [main][258930] INFO  page_object.Weather - User entered name of city is: New York
2021-09-24 22:09:19.469 [main][259095] INFO  page_object.Weather - user clicked on search to implicit
2021-09-24 22:09:20.183 [main][259809] INFO  page_object.Weather - Search result show successfully
2021-09-24 22:09:20.310 [main][259936] INFO  page_object.Weather - user select New York location
2021-09-24 22:09:23.408 [main][263034] INFO  page_object.Weather - User can see New York weather
2021-09-24 22:09:24.191 [main][263817] INFO  step_definitions.Hooks - Close Chrome Browser
